INFO: [VRFC 10-2263] Analyzing Verilog file "D:/Verilog Projects/Reg_File/Reg_File.sim/sim_1/synth/timing/xsim/Test_time_synth.v" into library xil_defaultlib
INFO: [VRFC 10-311] analyzing module Accumulator
INFO: [VRFC 10-311] analyzing module D_FF
INFO: [VRFC 10-311] analyzing module D_FF_0
INFO: [VRFC 10-311] analyzing module D_FF_1
INFO: [VRFC 10-311] analyzing module D_FF_10
INFO: [VRFC 10-311] analyzing module D_FF_11
INFO: [VRFC 10-311] analyzing module D_FF_12
INFO: [VRFC 10-311] analyzing module D_FF_13
INFO: [VRFC 10-311] analyzing module D_FF_14
INFO: [VRFC 10-311] analyzing module D_FF_15
INFO: [VRFC 10-311] analyzing module D_FF_16
INFO: [VRFC 10-311] analyzing module D_FF_17
INFO: [VRFC 10-311] analyzing module D_FF_18
INFO: [VRFC 10-311] analyzing module D_FF_19
INFO: [VRFC 10-311] analyzing module D_FF_2
INFO: [VRFC 10-311] analyzing module D_FF_20
INFO: [VRFC 10-311] analyzing module D_FF_21
INFO: [VRFC 10-311] analyzing module D_FF_22
INFO: [VRFC 10-311] analyzing module D_FF_23
INFO: [VRFC 10-311] analyzing module D_FF_24
INFO: [VRFC 10-311] analyzing module D_FF_25
INFO: [VRFC 10-311] analyzing module D_FF_26
INFO: [VRFC 10-311] analyzing module D_FF_27
INFO: [VRFC 10-311] analyzing module D_FF_28
INFO: [VRFC 10-311] analyzing module D_FF_29
INFO: [VRFC 10-311] analyzing module D_FF_30
INFO: [VRFC 10-311] analyzing module D_FF_7
INFO: [VRFC 10-311] analyzing module D_FF_8
INFO: [VRFC 10-311] analyzing module D_FF_9
INFO: [VRFC 10-311] analyzing module MDR
INFO: [VRFC 10-311] analyzing module Processor_Logic
INFO: [VRFC 10-311] analyzing module Reg_File
INFO: [VRFC 10-311] analyzing module Temp_Reg
INFO: [VRFC 10-311] analyzing module Temp_Reg_3
INFO: [VRFC 10-311] analyzing module Temp_Reg_4
INFO: [VRFC 10-311] analyzing module Temp_Reg_5
INFO: [VRFC 10-311] analyzing module Temp_Reg_6
INFO: [VRFC 10-311] analyzing module glbl
INFO: [VRFC 10-2263] Analyzing Verilog file "D:/Verilog Projects/Reg_File/Reg_File.srcs/sim_1/new/Test.v" into library xil_defaultlib
INFO: [VRFC 10-311] analyzing module Test
