
*** Running vivado
    with args -log Unit.vds -m64 -product Vivado -mode batch -messageDb vivado.pb -notrace -source Unit.tcl


ECHO is off.
ECHO is off.

****** Vivado v2023.1 (64-bit)
  **** SW Build 3865809 on Sun May  7 15:05:29 MDT 2023
  **** IP Build 3864474 on Sun May  7 20:36:21 MDT 2023
  **** SharedData Build 3865790 on Sun May 07 13:33:03 MDT 2023
    ** Copyright 1986-2022 Xilinx, Inc. All Rights Reserved.
    ** Copyright 2022-2023 Advanced Micro Devices, Inc. All Rights Reserved.

source Unit.tcl -notrace
create_project: Time (s): cpu = 00:00:06 ; elapsed = 00:00:13 . Memory (MB): peak = 449.539 ; gain = 165.203
Command: read_checkpoint -auto_incremental -incremental {D:/Verilog Projects/Checking_3/Checking_3.srcs/utils_1/imports/synth_1/Unit.dcp}
INFO: [Vivado 12-5825] Read reference checkpoint from D:/Verilog Projects/Checking_3/Checking_3.srcs/utils_1/imports/synth_1/Unit.dcp for incremental synthesis
INFO: [Vivado 12-7989] Please ensure there are no constraint changes
Command: synth_design -top Unit -part xc7a200tfbg676-2
Starting synth_design
Attempting to get a license for feature 'Synthesis' and/or device 'xc7a200t'
INFO: [Common 17-349] Got license for feature 'Synthesis' and/or device 'xc7a200t'
INFO: [Designutils 20-5440] No compile time benefit to using incremental synthesis; A full resynthesis will be run
INFO: [Designutils 20-4379] Flow is switching to default flow due to incremental criteria not met. If you would like to alter this behaviour and have the flow terminate instead, please set the following parameter config_implementation {autoIncr.Synth.RejectBehavior Terminate}
INFO: [Synth 8-7079] Multithreading enabled for synth_design using a maximum of 2 processes.
INFO: [Synth 8-7078] Launching helper process for spawning children vivado processes
INFO: [Synth 8-7075] Helper process launched with PID 4016
INFO: [Synth 8-11241] undeclared symbol 'mode', assumed default net type 'wire' [D:/Verilog Projects/Checking_3/Checking_3.srcs/sources_1/new/ACC.v:9]
INFO: [Synth 8-11241] undeclared symbol 't0', assumed default net type 'wire' [D:/Verilog Projects/Checking_3/Checking_3.srcs/sources_1/new/Comb_Circuit.v:6]
INFO: [Synth 8-11241] undeclared symbol 't1', assumed default net type 'wire' [D:/Verilog Projects/Checking_3/Checking_3.srcs/sources_1/new/Comb_Circuit.v:8]
INFO: [Synth 8-11241] undeclared symbol 't2', assumed default net type 'wire' [D:/Verilog Projects/Checking_3/Checking_3.srcs/sources_1/new/Comb_Circuit.v:9]
INFO: [Synth 8-11241] undeclared symbol 'Operand', assumed default net type 'wire' [D:/Verilog Projects/Checking_3/Checking_3.srcs/sources_1/new/Unit.v:10]
---------------------------------------------------------------------------------
Starting Synthesize : Time (s): cpu = 00:00:06 ; elapsed = 00:00:10 . Memory (MB): peak = 892.750 ; gain = 411.523
---------------------------------------------------------------------------------
INFO: [Synth 8-6157] synthesizing module 'Unit' [D:/Verilog Projects/Checking_3/Checking_3.srcs/sources_1/new/Unit.v:3]
INFO: [Synth 8-6157] synthesizing module 'Decoder' [D:/Verilog Projects/Checking_3/Checking_3.srcs/sources_1/new/Decoder.v:3]
INFO: [Synth 8-6155] done synthesizing module 'Decoder' (0#1) [D:/Verilog Projects/Checking_3/Checking_3.srcs/sources_1/new/Decoder.v:3]
INFO: [Synth 8-6157] synthesizing module 'Control' [D:/Verilog Projects/Checking_3/Checking_3.srcs/sources_1/new/CL.v:3]
INFO: [Synth 8-6157] synthesizing module 'DFF' [D:/Verilog Projects/Checking_3/Checking_3.srcs/sources_1/new/DFF.v:3]
INFO: [Synth 8-6155] done synthesizing module 'DFF' (0#1) [D:/Verilog Projects/Checking_3/Checking_3.srcs/sources_1/new/DFF.v:3]
INFO: [Synth 8-6155] done synthesizing module 'Control' (0#1) [D:/Verilog Projects/Checking_3/Checking_3.srcs/sources_1/new/CL.v:3]
INFO: [Synth 8-6157] synthesizing module 'PC' [D:/Verilog Projects/Checking_3/Checking_3.srcs/sources_1/new/PC.v:3]
INFO: [Synth 8-6155] done synthesizing module 'PC' (0#1) [D:/Verilog Projects/Checking_3/Checking_3.srcs/sources_1/new/PC.v:3]
INFO: [Synth 8-6157] synthesizing module 'Mult' [D:/Verilog Projects/Checking_3/Checking_3.srcs/sources_1/new/Mult.v:3]
INFO: [Synth 8-6157] synthesizing module 'Mux21' [D:/Verilog Projects/Checking_3/Checking_3.srcs/sources_1/new/Mux21.v:3]
INFO: [Synth 8-6155] done synthesizing module 'Mux21' (0#1) [D:/Verilog Projects/Checking_3/Checking_3.srcs/sources_1/new/Mux21.v:3]
INFO: [Synth 8-6155] done synthesizing module 'Mult' (0#1) [D:/Verilog Projects/Checking_3/Checking_3.srcs/sources_1/new/Mult.v:3]
WARNING: [Synth 8-689] width (33) of port connection 'A' does not match port width (5) of module 'Mult' [D:/Verilog Projects/Checking_3/Checking_3.srcs/sources_1/new/Unit.v:10]
INFO: [Synth 8-6157] synthesizing module 'Memory' [D:/Verilog Projects/Checking_3/Checking_3.srcs/sources_1/new/Memory.v:3]
INFO: [Synth 8-6155] done synthesizing module 'Memory' (0#1) [D:/Verilog Projects/Checking_3/Checking_3.srcs/sources_1/new/Memory.v:3]
INFO: [Synth 8-6157] synthesizing module 'ACC' [D:/Verilog Projects/Checking_3/Checking_3.srcs/sources_1/new/ACC.v:3]
INFO: [Synth 8-6157] synthesizing module 'Comb_Circuit' [D:/Verilog Projects/Checking_3/Checking_3.srcs/sources_1/new/Comb_Circuit.v:3]
INFO: [Synth 8-6155] done synthesizing module 'Comb_Circuit' (0#1) [D:/Verilog Projects/Checking_3/Checking_3.srcs/sources_1/new/Comb_Circuit.v:3]
INFO: [Synth 8-6157] synthesizing module 'D_FF' [D:/Verilog Projects/Checking_3/Checking_3.srcs/sources_1/new/D_FF.v:3]
INFO: [Synth 8-6155] done synthesizing module 'D_FF' (0#1) [D:/Verilog Projects/Checking_3/Checking_3.srcs/sources_1/new/D_FF.v:3]
INFO: [Synth 8-6155] done synthesizing module 'ACC' (0#1) [D:/Verilog Projects/Checking_3/Checking_3.srcs/sources_1/new/ACC.v:3]
INFO: [Synth 8-6157] synthesizing module 'B' [D:/Verilog Projects/Checking_3/Checking_3.srcs/sources_1/new/B.v:3]
INFO: [Synth 8-6155] done synthesizing module 'B' (0#1) [D:/Verilog Projects/Checking_3/Checking_3.srcs/sources_1/new/B.v:3]
INFO: [Synth 8-6157] synthesizing module 'ALU' [D:/Verilog Projects/Checking_3/Checking_3.srcs/sources_1/new/ALU.v:3]
INFO: [Synth 8-6157] synthesizing module 'One_Stage' [D:/Verilog Projects/Checking_3/Checking_3.srcs/sources_1/new/One_Stage.v:3]
INFO: [Synth 8-6157] synthesizing module 'FA' [D:/Verilog Projects/Checking_3/Checking_3.srcs/sources_1/new/FA.v:3]
INFO: [Synth 8-6155] done synthesizing module 'FA' (0#1) [D:/Verilog Projects/Checking_3/Checking_3.srcs/sources_1/new/FA.v:3]
INFO: [Synth 8-6155] done synthesizing module 'One_Stage' (0#1) [D:/Verilog Projects/Checking_3/Checking_3.srcs/sources_1/new/One_Stage.v:3]
INFO: [Synth 8-6155] done synthesizing module 'ALU' (0#1) [D:/Verilog Projects/Checking_3/Checking_3.srcs/sources_1/new/ALU.v:3]
INFO: [Synth 8-6155] done synthesizing module 'Unit' (0#1) [D:/Verilog Projects/Checking_3/Checking_3.srcs/sources_1/new/Unit.v:3]
WARNING: [Synth 8-3848] Net Operand in module/entity Unit does not have driver. [D:/Verilog Projects/Checking_3/Checking_3.srcs/sources_1/new/Unit.v:10]
WARNING: [Synth 8-3848] Net Result in module/entity Unit does not have driver. [D:/Verilog Projects/Checking_3/Checking_3.srcs/sources_1/new/Unit.v:5]
WARNING: [Synth 8-7129] Port S[15] in module Control is either unconnected or has no load
WARNING: [Synth 8-7129] Port S[14] in module Control is either unconnected or has no load
WARNING: [Synth 8-7129] Port S[13] in module Control is either unconnected or has no load
---------------------------------------------------------------------------------
Finished Synthesize : Time (s): cpu = 00:00:08 ; elapsed = 00:00:13 . Memory (MB): peak = 983.414 ; gain = 502.188
---------------------------------------------------------------------------------
---------------------------------------------------------------------------------
Finished Constraint Validation : Time (s): cpu = 00:00:08 ; elapsed = 00:00:14 . Memory (MB): peak = 983.414 ; gain = 502.188
---------------------------------------------------------------------------------
---------------------------------------------------------------------------------
Start Loading Part and Timing Information
---------------------------------------------------------------------------------
Loading part: xc7a200tfbg676-2
---------------------------------------------------------------------------------
INFO: [Device 21-403] Loading part xc7a200tfbg676-2
Finished Loading Part and Timing Information : Time (s): cpu = 00:00:08 ; elapsed = 00:00:14 . Memory (MB): peak = 983.414 ; gain = 502.188
---------------------------------------------------------------------------------
---------------------------------------------------------------------------------
Finished RTL Optimization Phase 2 : Time (s): cpu = 00:00:08 ; elapsed = 00:00:15 . Memory (MB): peak = 983.414 ; gain = 502.188
---------------------------------------------------------------------------------
No constraint files found.
---------------------------------------------------------------------------------
Start RTL Component Statistics 
---------------------------------------------------------------------------------
Detailed RTL Component Info : 
+---Adders : 
	   2 Input    5 Bit       Adders := 1     
+---XORs : 
	   3 Input      1 Bit         XORs := 4     
	   2 Input      1 Bit         XORs := 1     
+---Registers : 
	                5 Bit    Registers := 1     
	                1 Bit    Registers := 27    
+---Muxes : 
	   2 Input    1 Bit        Muxes := 5     
---------------------------------------------------------------------------------
Finished RTL Component Statistics 
---------------------------------------------------------------------------------
---------------------------------------------------------------------------------
Start Part Resource Summary
---------------------------------------------------------------------------------
Part Resources:
DSPs: 740 (col length:100)
BRAMs: 730 (col length: RAMB18 100 RAMB36 50)
---------------------------------------------------------------------------------
Finished Part Resource Summary
---------------------------------------------------------------------------------
No constraint files found.
---------------------------------------------------------------------------------
Start Cross Boundary and Area Optimization
---------------------------------------------------------------------------------
WARNING: [Synth 8-7080] Parallel synthesis criteria is not met
WARNING: [Synth 8-3917] design Unit has port Control[1] driven by constant 1
---------------------------------------------------------------------------------
Finished Cross Boundary and Area Optimization : Time (s): cpu = 00:00:14 ; elapsed = 00:00:28 . Memory (MB): peak = 1232.789 ; gain = 751.562
---------------------------------------------------------------------------------
No constraint files found.
---------------------------------------------------------------------------------
Start Timing Optimization
---------------------------------------------------------------------------------
---------------------------------------------------------------------------------
Finished Timing Optimization : Time (s): cpu = 00:00:14 ; elapsed = 00:00:28 . Memory (MB): peak = 1232.789 ; gain = 751.562
---------------------------------------------------------------------------------
---------------------------------------------------------------------------------
Start Technology Mapping
---------------------------------------------------------------------------------
---------------------------------------------------------------------------------
Finished Technology Mapping : Time (s): cpu = 00:00:14 ; elapsed = 00:00:28 . Memory (MB): peak = 1232.789 ; gain = 751.562
---------------------------------------------------------------------------------
---------------------------------------------------------------------------------
Start IO Insertion
---------------------------------------------------------------------------------
---------------------------------------------------------------------------------
Start Flattening Before IO Insertion
---------------------------------------------------------------------------------
---------------------------------------------------------------------------------
Finished Flattening Before IO Insertion
---------------------------------------------------------------------------------
---------------------------------------------------------------------------------
Start Final Netlist Cleanup
---------------------------------------------------------------------------------
---------------------------------------------------------------------------------
Finished Final Netlist Cleanup
---------------------------------------------------------------------------------
---------------------------------------------------------------------------------
Finished IO Insertion : Time (s): cpu = 00:00:19 ; elapsed = 00:00:36 . Memory (MB): peak = 1232.789 ; gain = 751.562
---------------------------------------------------------------------------------
---------------------------------------------------------------------------------
Start Renaming Generated Instances
---------------------------------------------------------------------------------
---------------------------------------------------------------------------------
Finished Renaming Generated Instances : Time (s): cpu = 00:00:19 ; elapsed = 00:00:36 . Memory (MB): peak = 1232.789 ; gain = 751.562
---------------------------------------------------------------------------------
---------------------------------------------------------------------------------
Start Rebuilding User Hierarchy
---------------------------------------------------------------------------------
---------------------------------------------------------------------------------
Finished Rebuilding User Hierarchy : Time (s): cpu = 00:00:19 ; elapsed = 00:00:36 . Memory (MB): peak = 1232.789 ; gain = 751.562
---------------------------------------------------------------------------------
---------------------------------------------------------------------------------
Start Renaming Generated Ports
---------------------------------------------------------------------------------
---------------------------------------------------------------------------------
Finished Renaming Generated Ports : Time (s): cpu = 00:00:19 ; elapsed = 00:00:36 . Memory (MB): peak = 1232.789 ; gain = 751.562
---------------------------------------------------------------------------------
---------------------------------------------------------------------------------
Start Handling Custom Attributes
---------------------------------------------------------------------------------
---------------------------------------------------------------------------------
Finished Handling Custom Attributes : Time (s): cpu = 00:00:19 ; elapsed = 00:00:36 . Memory (MB): peak = 1232.789 ; gain = 751.562
---------------------------------------------------------------------------------
---------------------------------------------------------------------------------
Start Renaming Generated Nets
---------------------------------------------------------------------------------
---------------------------------------------------------------------------------
Finished Renaming Generated Nets : Time (s): cpu = 00:00:19 ; elapsed = 00:00:36 . Memory (MB): peak = 1232.789 ; gain = 751.562
---------------------------------------------------------------------------------
---------------------------------------------------------------------------------
Start Writing Synthesis Report
---------------------------------------------------------------------------------

Report BlackBoxes: 
+-+--------------+----------+
| |BlackBox name |Instances |
+-+--------------+----------+
+-+--------------+----------+

Report Cell Usage: 
+------+------+------+
|      |Cell  |Count |
+------+------+------+
|1     |BUFG  |     1|
|2     |LUT1  |     1|
|3     |LUT2  |     9|
|4     |LUT3  |     1|
|5     |LUT4  |     6|
|6     |LUT5  |     6|
|7     |LUT6  |    32|
|8     |FDCE  |    21|
|9     |FDRE  |     8|
|10    |IBUF  |     3|
|11    |OBUF  |    64|
|12    |OBUFT |     4|
+------+------+------+

Report Instance Areas: 
+------+---------+--------+------+
|      |Instance |Module  |Cells |
+------+---------+--------+------+
|1     |top      |        |   156|
|2     |  M1     |Control |    43|
|3     |    D0   |DFF     |     1|
|4     |    D1   |DFF_7   |     1|
|5     |    D11  |DFF_8   |    10|
|6     |    D12  |DFF_9   |     2|
|7     |    D13  |DFF_10  |     1|
|8     |    D14  |DFF_11  |     1|
|9     |    D15  |DFF_12  |     4|
|10    |    D16  |DFF_13  |     1|
|11    |    D17  |DFF_14  |    10|
|12    |    D2   |DFF_15  |     1|
|13    |    D3   |DFF_16  |     1|
|14    |    D4   |DFF_17  |     2|
|15    |    D5   |DFF_18  |     3|
|16    |    D6   |DFF_19  |     1|
|17    |    D7   |DFF_20  |     1|
|18    |    D8   |DFF_21  |     3|
|19    |  M2     |PC      |    33|
|20    |  M7     |ACC     |     4|
|21    |    T1   |D_FF_3  |     1|
|22    |    T2   |D_FF_4  |     1|
|23    |    T3   |D_FF_5  |     1|
|24    |    T4   |D_FF_6  |     1|
|25    |  M8     |B       |     4|
|26    |    T1   |D_FF    |     1|
|27    |    T2   |D_FF_0  |     1|
|28    |    T3   |D_FF_1  |     1|
|29    |    T4   |D_FF_2  |     1|
+------+---------+--------+------+
---------------------------------------------------------------------------------
Finished Writing Synthesis Report : Time (s): cpu = 00:00:19 ; elapsed = 00:00:36 . Memory (MB): peak = 1232.789 ; gain = 751.562
---------------------------------------------------------------------------------
Synthesis finished with 0 errors, 0 critical warnings and 8 warnings.
Synthesis Optimization Runtime : Time (s): cpu = 00:00:19 ; elapsed = 00:00:36 . Memory (MB): peak = 1232.789 ; gain = 751.562
Synthesis Optimization Complete : Time (s): cpu = 00:00:19 ; elapsed = 00:00:36 . Memory (MB): peak = 1232.789 ; gain = 751.562
INFO: [Project 1-571] Translating synthesized netlist
Netlist sorting complete. Time (s): cpu = 00:00:00 ; elapsed = 00:00:00.002 . Memory (MB): peak = 1242.641 ; gain = 0.000
INFO: [Project 1-570] Preparing netlist for logic optimization
INFO: [Opt 31-138] Pushed 0 inverter(s) to 0 load pin(s).
Netlist sorting complete. Time (s): cpu = 00:00:00 ; elapsed = 00:00:00 . Memory (MB): peak = 1341.730 ; gain = 0.000
INFO: [Project 1-111] Unisim Transformation Summary:
No Unisim elements were transformed.

Synth Design complete | Checksum: b936f77e
INFO: [Common 17-83] Releasing license: Synthesis
49 Infos, 8 Warnings, 0 Critical Warnings and 0 Errors encountered.
synth_design completed successfully
synth_design: Time (s): cpu = 00:00:22 ; elapsed = 00:00:41 . Memory (MB): peak = 1341.730 ; gain = 868.344
INFO: [Common 17-1381] The checkpoint 'D:/Verilog Projects/Checking_3/Checking_3.runs/synth_1/Unit.dcp' has been generated.
INFO: [runtcl-4] Executing : report_utilization -file Unit_utilization_synth.rpt -pb Unit_utilization_synth.pb
INFO: [Common 17-206] Exiting Vivado at Tue Dec 12 15:25:21 2023...
