Vivado Simulator v2023.1
Copyright 1986-2022 Xilinx, Inc. All Rights Reserved.
Copyright 2022-2023 Advanced Micro Devices, Inc. All Rights Reserved.
Running: D:/Xilinx/Vivado/2023.1/bin/unwrapped/win64.o/xelab.exe --incr --debug typical --relax --mt 2 --maxdelay -L xil_defaultlib -L simprims_ver -L secureip --snapshot Test_time_synth -transport_int_delays -pulse_r 0 -pulse_int_r 0 -pulse_e 0 -pulse_int_e 0 xil_defaultlib.Test xil_defaultlib.glbl -log elaborate.log 
Using 2 slave threads.
Starting static elaboration
Pass Through NonSizing Optimizer
Completed static elaboration
Starting simulation data flow analysis
Completed simulation data flow analysis
INFO: [XSIM 43-3451] SDF backannotation process started with SDF file "Test_time_synth.sdf", for root module "Test/C0".
INFO: [XSIM 43-3452] SDF backannotation was successful for SDF file "Test_time_synth.sdf", for root module "Test/C0".
Time Resolution for simulation is 1ps
Compiling module simprims_ver.OBUF
Compiling module simprims_ver.OBUFT
Compiling module simprims_ver.x_lut2_mux4
Compiling module simprims_ver.LUT2
Compiling module simprims_ver.FDCE_default
Compiling module xil_defaultlib.DFF
Compiling module xil_defaultlib.DFF_0
Compiling module xil_defaultlib.DFF_1
Compiling module xil_defaultlib.DFF_2
Compiling module xil_defaultlib.DFF_3
Compiling module xil_defaultlib.Control
Compiling module simprims_ver.x_lut1_mux2
Compiling module simprims_ver.LUT1(INIT=2'b01)
Compiling module simprims_ver.x_lut3_mux8
Compiling module simprims_ver.LUT3(INIT=8'b01111000)
Compiling module simprims_ver.LUT4(INIT=16'b0111111110000000)
Compiling module simprims_ver.LUT5(INIT=32'b011111111111111110...
Compiling module xil_defaultlib.PC
Compiling module simprims_ver.BUFG
Compiling module simprims_ver.IBUF
Compiling module xil_defaultlib.Unit
Compiling module xil_defaultlib.Test
Compiling module xil_defaultlib.glbl
Built simulation snapshot Test_time_synth
