Time resolution is 1 ps
                   0Data = 1, Mode = 11, D = 00, M = 11, H = 00, En = 110100, F = 000, Cin = 0, clk = 0,  A = xxxx, B = xxxx, Y = x, Cout = x, Sign = x, Zero = x, oVerflow = x
                   3Data = 1, Mode = 11, D = 00, M = 11, H = 00, En = 110100, F = 000, Cin = 0, clk = 0,  A = 0000, B = 0000, Y = x, Cout = x, Sign = x, Zero = x, oVerflow = x
                   5Data = 1, Mode = 11, D = 00, M = 11, H = 00, En = 110100, F = 000, Cin = 0, clk = 0,  A = 0000, B = 0000, Y = x, Cout = 0, Sign = x, Zero = x, oVerflow = x
                   5Data = 1, Mode = 11, D = 00, M = 11, H = 00, En = 110100, F = 000, Cin = 0, clk = 1,  A = 0000, B = 0000, Y = x, Cout = 0, Sign = x, Zero = x, oVerflow = x
                   5Data = 1, Mode = 11, D = 00, M = 11, H = 00, En = 110100, F = 000, Cin = 0, clk = 1,  A = 0000, B = 0000, Y = X, Cout = 0, Sign = x, Zero = x, oVerflow = x
                   6Data = 1, Mode = 11, D = 00, M = 11, H = 00, En = 110100, F = 000, Cin = 0, clk = 1,  A = 0000, B = 0000, Y = X, Cout = 0, Sign = x, Zero = x, oVerflow = x
                   6Data = 1, Mode = 11, D = 00, M = 11, H = 00, En = 110100, F = 000, Cin = 0, clk = 1,  A = 0000, B = 0000, Y = X, Cout = 0, Sign = 0, Zero = x, oVerflow = x
                   6Data = 1, Mode = 11, D = 00, M = 11, H = 00, En = 110100, F = 000, Cin = 0, clk = 1,  A = 0000, B = 0000, Y = X, Cout = 0, Sign = 0, Zero = x, oVerflow = 0
                   6Data = 1, Mode = 11, D = 00, M = 11, H = 00, En = 110100, F = 000, Cin = 0, clk = 1,  A = 0000, B = 0000, Y = X, Cout = 0, Sign = 0, Zero = x, oVerflow = 0
                   6Data = 1, Mode = 11, D = 00, M = 11, H = 00, En = 110100, F = 000, Cin = 0, clk = 1,  A = 0000, B = 0000, Y = 0, Cout = 0, Sign = 0, Zero = 1, oVerflow = 0
                  10Data = 1, Mode = 11, D = 00, M = 11, H = 00, En = 110100, F = 000, Cin = 0, clk = 0,  A = 0000, B = 0000, Y = 0, Cout = 0, Sign = 0, Zero = 1, oVerflow = 0
                  15Data = 1, Mode = 11, D = 00, M = 11, H = 00, En = 110100, F = 000, Cin = 0, clk = 1,  A = 0000, B = 0000, Y = 0, Cout = 0, Sign = 0, Zero = 1, oVerflow = 0
                  20Data = 1, Mode = 11, D = 00, M = 11, H = 00, En = 110100, F = 000, Cin = 0, clk = 0,  A = 0000, B = 0000, Y = 0, Cout = 0, Sign = 0, Zero = 1, oVerflow = 0
                  25Data = 1, Mode = 11, D = 00, M = 11, H = 00, En = 110100, F = 000, Cin = 0, clk = 1,  A = 0000, B = 0000, Y = 0, Cout = 0, Sign = 0, Zero = 1, oVerflow = 0
                  30Data = 2, Mode = 11, D = 01, M = 11, H = 00, En = 110100, F = 000, Cin = 0, clk = 0,  A = 0000, B = 0000, Y = 0, Cout = 0, Sign = 0, Zero = 1, oVerflow = 0
                  35Data = 2, Mode = 11, D = 01, M = 11, H = 00, En = 110100, F = 000, Cin = 0, clk = 1,  A = 0000, B = 0000, Y = 0, Cout = 0, Sign = 0, Zero = 1, oVerflow = 0
                  40Data = 2, Mode = 11, D = 01, M = 11, H = 00, En = 110100, F = 000, Cin = 0, clk = 0,  A = 0000, B = 0000, Y = 0, Cout = 0, Sign = 0, Zero = 1, oVerflow = 0
                  45Data = 2, Mode = 11, D = 01, M = 11, H = 00, En = 110100, F = 000, Cin = 0, clk = 1,  A = 0000, B = 0000, Y = 0, Cout = 0, Sign = 0, Zero = 1, oVerflow = 0
                  50Data = 2, Mode = 11, D = 01, M = 11, H = 00, En = 110100, F = 000, Cin = 0, clk = 0,  A = 0000, B = 0000, Y = 0, Cout = 0, Sign = 0, Zero = 1, oVerflow = 0
                  55Data = 2, Mode = 11, D = 01, M = 11, H = 00, En = 110100, F = 000, Cin = 0, clk = 1,  A = 0000, B = 0000, Y = 0, Cout = 0, Sign = 0, Zero = 1, oVerflow = 0
                  60Data = 3, Mode = 11, D = 10, M = 11, H = 00, En = 110100, F = 000, Cin = 0, clk = 0,  A = 0000, B = 0000, Y = 0, Cout = 0, Sign = 0, Zero = 1, oVerflow = 0
                  65Data = 3, Mode = 11, D = 10, M = 11, H = 00, En = 110100, F = 000, Cin = 0, clk = 1,  A = 0000, B = 0000, Y = 0, Cout = 0, Sign = 0, Zero = 1, oVerflow = 0
                  70Data = 3, Mode = 11, D = 10, M = 11, H = 00, En = 110100, F = 000, Cin = 0, clk = 0,  A = 0000, B = 0000, Y = 0, Cout = 0, Sign = 0, Zero = 1, oVerflow = 0
                  75Data = 3, Mode = 11, D = 10, M = 11, H = 00, En = 110100, F = 000, Cin = 0, clk = 1,  A = 0000, B = 0000, Y = 0, Cout = 0, Sign = 0, Zero = 1, oVerflow = 0
                  80Data = 3, Mode = 11, D = 10, M = 11, H = 00, En = 110100, F = 000, Cin = 0, clk = 0,  A = 0000, B = 0000, Y = 0, Cout = 0, Sign = 0, Zero = 1, oVerflow = 0
                  85Data = 3, Mode = 11, D = 10, M = 11, H = 00, En = 110100, F = 000, Cin = 0, clk = 1,  A = 0000, B = 0000, Y = 0, Cout = 0, Sign = 0, Zero = 1, oVerflow = 0
                  90Data = 4, Mode = 11, D = 11, M = 11, H = 00, En = 110100, F = 000, Cin = 0, clk = 0,  A = 0000, B = 0000, Y = 0, Cout = 0, Sign = 0, Zero = 1, oVerflow = 0
                  95Data = 4, Mode = 11, D = 11, M = 11, H = 00, En = 110100, F = 000, Cin = 0, clk = 1,  A = 0000, B = 0000, Y = 0, Cout = 0, Sign = 0, Zero = 1, oVerflow = 0
                 100Data = 4, Mode = 11, D = 11, M = 11, H = 00, En = 110100, F = 000, Cin = 0, clk = 0,  A = 0000, B = 0000, Y = 0, Cout = 0, Sign = 0, Zero = 1, oVerflow = 0
                 105Data = 4, Mode = 11, D = 11, M = 11, H = 00, En = 110100, F = 000, Cin = 0, clk = 1,  A = 0000, B = 0000, Y = 0, Cout = 0, Sign = 0, Zero = 1, oVerflow = 0
                 110Data = 4, Mode = 11, D = 11, M = 11, H = 00, En = 110100, F = 000, Cin = 0, clk = 0,  A = 0000, B = 0000, Y = 0, Cout = 0, Sign = 0, Zero = 1, oVerflow = 0
                 115Data = 4, Mode = 11, D = 11, M = 11, H = 00, En = 110100, F = 000, Cin = 0, clk = 1,  A = 0000, B = 0000, Y = 0, Cout = 0, Sign = 0, Zero = 1, oVerflow = 0
                 120Data = 4, Mode = 11, D = 11, M = 11, H = 00, En = 101010, F = 000, Cin = 0, clk = 0,  A = 0000, B = 0000, Y = 0, Cout = 0, Sign = 0, Zero = 1, oVerflow = 0
                 125Data = 4, Mode = 11, D = 11, M = 11, H = 00, En = 101010, F = 000, Cin = 0, clk = 1,  A = 0000, B = 0000, Y = 0, Cout = 0, Sign = 0, Zero = 1, oVerflow = 0
                 130Data = 4, Mode = 11, D = 11, M = 11, H = 00, En = 101010, F = 000, Cin = 0, clk = 0,  A = 0000, B = 0000, Y = 0, Cout = 0, Sign = 0, Zero = 1, oVerflow = 0
                 131Data = 4, Mode = 11, D = 11, M = 11, H = 00, En = 101010, F = 000, Cin = 0, clk = 0,  A = 0000, B = 0100, Y = 0, Cout = 0, Sign = 0, Zero = 1, oVerflow = 0
                 135Data = 4, Mode = 11, D = 11, M = 11, H = 00, En = 101010, F = 000, Cin = 0, clk = 1,  A = 0000, B = 0100, Y = 0, Cout = 0, Sign = 0, Zero = 1, oVerflow = 0
                 140Data = 4, Mode = 11, D = 11, M = 11, H = 00, En = 101010, F = 000, Cin = 0, clk = 0,  A = 0000, B = 0100, Y = 0, Cout = 0, Sign = 0, Zero = 1, oVerflow = 0
                 145Data = 4, Mode = 11, D = 11, M = 11, H = 00, En = 101010, F = 000, Cin = 0, clk = 1,  A = 0000, B = 0100, Y = 0, Cout = 0, Sign = 0, Zero = 1, oVerflow = 0
                 150Data = 4, Mode = 11, D = 11, M = 11, H = 11, En = 101001, F = 000, Cin = 0, clk = 0,  A = 0000, B = 0100, Y = 0, Cout = 0, Sign = 0, Zero = 1, oVerflow = 0
                 155Data = 4, Mode = 11, D = 11, M = 11, H = 11, En = 101001, F = 000, Cin = 0, clk = 1,  A = 0000, B = 0100, Y = 0, Cout = 0, Sign = 0, Zero = 1, oVerflow = 0
                 160Data = 4, Mode = 11, D = 11, M = 11, H = 11, En = 101001, F = 000, Cin = 0, clk = 0,  A = 0000, B = 0100, Y = 0, Cout = 0, Sign = 0, Zero = 1, oVerflow = 0
                 165Data = 4, Mode = 11, D = 11, M = 11, H = 11, En = 101001, F = 000, Cin = 0, clk = 1,  A = 0000, B = 0100, Y = 0, Cout = 0, Sign = 0, Zero = 1, oVerflow = 0
                 170Data = 4, Mode = 11, D = 11, M = 11, H = 11, En = 101001, F = 000, Cin = 0, clk = 0,  A = 0000, B = 0100, Y = 0, Cout = 0, Sign = 0, Zero = 1, oVerflow = 0
                 175Data = 4, Mode = 11, D = 11, M = 11, H = 11, En = 101001, F = 000, Cin = 0, clk = 1,  A = 0000, B = 0100, Y = 0, Cout = 0, Sign = 0, Zero = 1, oVerflow = 0
                 180Data = 4, Mode = 11, D = 11, M = 11, H = 01, En = 101001, F = 000, Cin = 0, clk = 0,  A = 0000, B = 0100, Y = 0, Cout = 0, Sign = 0, Zero = 1, oVerflow = 0
                 185Data = 4, Mode = 11, D = 11, M = 11, H = 01, En = 101001, F = 000, Cin = 0, clk = 1,  A = 0000, B = 0100, Y = 0, Cout = 0, Sign = 0, Zero = 1, oVerflow = 0
                 190Data = 4, Mode = 11, D = 11, M = 11, H = 01, En = 101001, F = 000, Cin = 0, clk = 0,  A = 0000, B = 0100, Y = 0, Cout = 0, Sign = 0, Zero = 1, oVerflow = 0
                 195Data = 4, Mode = 11, D = 11, M = 11, H = 01, En = 101001, F = 000, Cin = 0, clk = 1,  A = 0000, B = 0100, Y = 0, Cout = 0, Sign = 0, Zero = 1, oVerflow = 0
                 200Data = 4, Mode = 11, D = 11, M = 11, H = 01, En = 101001, F = 000, Cin = 0, clk = 0,  A = 0000, B = 0100, Y = 0, Cout = 0, Sign = 0, Zero = 1, oVerflow = 0
                 205Data = 4, Mode = 11, D = 11, M = 11, H = 01, En = 101001, F = 000, Cin = 0, clk = 1,  A = 0000, B = 0100, Y = 0, Cout = 0, Sign = 0, Zero = 1, oVerflow = 0
                 210Data = 4, Mode = 11, D = 11, M = 11, H = 10, En = 101001, F = 000, Cin = 0, clk = 0,  A = 0000, B = 0100, Y = 0, Cout = 0, Sign = 0, Zero = 1, oVerflow = 0
                 215Data = 4, Mode = 11, D = 11, M = 11, H = 10, En = 101001, F = 000, Cin = 0, clk = 1,  A = 0000, B = 0100, Y = 0, Cout = 0, Sign = 0, Zero = 1, oVerflow = 0
                 220Data = 4, Mode = 11, D = 11, M = 11, H = 10, En = 101001, F = 000, Cin = 0, clk = 0,  A = 0000, B = 0100, Y = 0, Cout = 0, Sign = 0, Zero = 1, oVerflow = 0
                 225Data = 4, Mode = 11, D = 11, M = 11, H = 10, En = 101001, F = 000, Cin = 0, clk = 1,  A = 0000, B = 0100, Y = 0, Cout = 0, Sign = 0, Zero = 1, oVerflow = 0
                 230Data = 4, Mode = 11, D = 11, M = 11, H = 10, En = 101001, F = 000, Cin = 0, clk = 0,  A = 0000, B = 0100, Y = 0, Cout = 0, Sign = 0, Zero = 1, oVerflow = 0
                 235Data = 4, Mode = 11, D = 11, M = 11, H = 10, En = 101001, F = 000, Cin = 0, clk = 1,  A = 0000, B = 0100, Y = 0, Cout = 0, Sign = 0, Zero = 1, oVerflow = 0
                 240Data = 4, Mode = 11, D = 11, M = 11, H = 00, En = 101001, F = 000, Cin = 1, clk = 0,  A = 0000, B = 0100, Y = 0, Cout = 0, Sign = 0, Zero = 1, oVerflow = 0
                 245Data = 4, Mode = 11, D = 11, M = 11, H = 00, En = 101001, F = 000, Cin = 1, clk = 1,  A = 0000, B = 0100, Y = 0, Cout = 0, Sign = 0, Zero = 1, oVerflow = 0
                 245Data = 4, Mode = 11, D = 11, M = 11, H = 00, En = 101001, F = 000, Cin = 1, clk = 1,  A = 0000, B = 0100, Y = 1, Cout = 0, Sign = 0, Zero = 1, oVerflow = 0
                 245Data = 4, Mode = 11, D = 11, M = 11, H = 00, En = 101001, F = 000, Cin = 1, clk = 1,  A = 0000, B = 0100, Y = 1, Cout = 0, Sign = 0, Zero = 0, oVerflow = 0
                 250Data = 4, Mode = 11, D = 11, M = 11, H = 00, En = 101001, F = 000, Cin = 1, clk = 0,  A = 0000, B = 0100, Y = 1, Cout = 0, Sign = 0, Zero = 0, oVerflow = 0
                 251Data = 4, Mode = 11, D = 11, M = 11, H = 00, En = 101001, F = 000, Cin = 1, clk = 0,  A = 0100, B = 0100, Y = 1, Cout = 0, Sign = 0, Zero = 0, oVerflow = 0
                 252Data = 4, Mode = 11, D = 11, M = 11, H = 00, En = 101001, F = 000, Cin = 1, clk = 0,  A = 0100, B = 0100, Y = 5, Cout = 0, Sign = 0, Zero = 0, oVerflow = 0
                 255Data = 4, Mode = 11, D = 11, M = 11, H = 00, En = 101001, F = 000, Cin = 1, clk = 1,  A = 0100, B = 0100, Y = 5, Cout = 0, Sign = 0, Zero = 0, oVerflow = 0
                 260Data = 4, Mode = 11, D = 11, M = 11, H = 00, En = 101001, F = 000, Cin = 1, clk = 0,  A = 0100, B = 0100, Y = 5, Cout = 0, Sign = 0, Zero = 0, oVerflow = 0
                 265Data = 4, Mode = 11, D = 11, M = 11, H = 00, En = 101001, F = 000, Cin = 1, clk = 1,  A = 0100, B = 0100, Y = 5, Cout = 0, Sign = 0, Zero = 0, oVerflow = 0
                 270Data = 4, Mode = 11, D = 11, M = 11, H = 00, En = 101001, F = 001, Cin = 0, clk = 0,  A = 0100, B = 0100, Y = 5, Cout = 0, Sign = 0, Zero = 0, oVerflow = 0
                 275Data = 4, Mode = 11, D = 11, M = 11, H = 00, En = 101001, F = 001, Cin = 0, clk = 1,  A = 0100, B = 0100, Y = 5, Cout = 0, Sign = 0, Zero = 0, oVerflow = 0
                 275Data = 4, Mode = 11, D = 11, M = 11, H = 00, En = 101001, F = 001, Cin = 0, clk = 1,  A = 0100, B = 0100, Y = 4, Cout = 0, Sign = 0, Zero = 0, oVerflow = 0
                 275Data = 4, Mode = 11, D = 11, M = 11, H = 00, En = 101001, F = 001, Cin = 0, clk = 1,  A = 0100, B = 0100, Y = 4, Cout = 0, Sign = 0, Zero = 0, oVerflow = 1
                 276Data = 4, Mode = 11, D = 11, M = 11, H = 00, En = 101001, F = 001, Cin = 0, clk = 1,  A = 0100, B = 0100, Y = 4, Cout = 0, Sign = 1, Zero = 0, oVerflow = 1
                 276Data = 4, Mode = 11, D = 11, M = 11, H = 00, En = 101001, F = 001, Cin = 0, clk = 1,  A = 0100, B = 0100, Y = 0, Cout = 0, Sign = 1, Zero = 1, oVerflow = 1
                 276Data = 4, Mode = 11, D = 11, M = 11, H = 00, En = 101001, F = 001, Cin = 0, clk = 1,  A = 0100, B = 0100, Y = 8, Cout = 0, Sign = 1, Zero = 0, oVerflow = 1
                 280Data = 4, Mode = 11, D = 11, M = 11, H = 00, En = 101001, F = 001, Cin = 0, clk = 0,  A = 0100, B = 0100, Y = 8, Cout = 0, Sign = 1, Zero = 0, oVerflow = 1
                 285Data = 4, Mode = 11, D = 11, M = 11, H = 00, En = 101001, F = 001, Cin = 0, clk = 1,  A = 0100, B = 0100, Y = 8, Cout = 0, Sign = 1, Zero = 0, oVerflow = 1
                 290Data = 4, Mode = 11, D = 11, M = 11, H = 00, En = 101001, F = 001, Cin = 0, clk = 0,  A = 0100, B = 0100, Y = 8, Cout = 0, Sign = 1, Zero = 0, oVerflow = 1
                 295Data = 4, Mode = 11, D = 11, M = 11, H = 00, En = 101001, F = 001, Cin = 0, clk = 1,  A = 0100, B = 0100, Y = 8, Cout = 0, Sign = 1, Zero = 0, oVerflow = 1
                 300Data = 4, Mode = 11, D = 11, M = 11, H = 11, En = 101001, F = 001, Cin = 0, clk = 0,  A = 0100, B = 0100, Y = 8, Cout = 0, Sign = 1, Zero = 0, oVerflow = 1
                 305Data = 4, Mode = 11, D = 11, M = 11, H = 11, En = 101001, F = 001, Cin = 0, clk = 1,  A = 0100, B = 0100, Y = 8, Cout = 0, Sign = 1, Zero = 0, oVerflow = 1
                 310Data = 4, Mode = 11, D = 11, M = 11, H = 11, En = 101001, F = 001, Cin = 0, clk = 0,  A = 0100, B = 0100, Y = 8, Cout = 0, Sign = 1, Zero = 0, oVerflow = 1
                 311Data = 4, Mode = 11, D = 11, M = 11, H = 11, En = 101001, F = 001, Cin = 0, clk = 0,  A = 0000, B = 0100, Y = 8, Cout = 0, Sign = 1, Zero = 0, oVerflow = 1
                 312Data = 4, Mode = 11, D = 11, M = 11, H = 11, En = 101001, F = 001, Cin = 0, clk = 0,  A = 0000, B = 0100, Y = 8, Cout = 0, Sign = 0, Zero = 0, oVerflow = 1
                 312Data = 4, Mode = 11, D = 11, M = 11, H = 11, En = 101001, F = 001, Cin = 0, clk = 0,  A = 0000, B = 0100, Y = c, Cout = 0, Sign = 0, Zero = 0, oVerflow = 1
                 312Data = 4, Mode = 11, D = 11, M = 11, H = 11, En = 101001, F = 001, Cin = 0, clk = 0,  A = 0000, B = 0100, Y = 4, Cout = 0, Sign = 0, Zero = 0, oVerflow = 1
                 312Data = 4, Mode = 11, D = 11, M = 11, H = 11, En = 101001, F = 001, Cin = 0, clk = 0,  A = 0000, B = 0100, Y = 4, Cout = 0, Sign = 0, Zero = 0, oVerflow = 0
                 315Data = 4, Mode = 11, D = 11, M = 11, H = 11, En = 101001, F = 001, Cin = 0, clk = 1,  A = 0000, B = 0100, Y = 4, Cout = 0, Sign = 0, Zero = 0, oVerflow = 0
                 320Data = 4, Mode = 11, D = 11, M = 11, H = 11, En = 101001, F = 001, Cin = 0, clk = 0,  A = 0000, B = 0100, Y = 4, Cout = 0, Sign = 0, Zero = 0, oVerflow = 0
                 325Data = 4, Mode = 11, D = 11, M = 11, H = 11, En = 101001, F = 001, Cin = 0, clk = 1,  A = 0000, B = 0100, Y = 4, Cout = 0, Sign = 0, Zero = 0, oVerflow = 0
                 330Data = 4, Mode = 11, D = 11, M = 11, H = 01, En = 101001, F = 001, Cin = 0, clk = 0,  A = 0000, B = 0100, Y = 4, Cout = 0, Sign = 0, Zero = 0, oVerflow = 0
                 335Data = 4, Mode = 11, D = 11, M = 11, H = 01, En = 101001, F = 001, Cin = 0, clk = 1,  A = 0000, B = 0100, Y = 4, Cout = 0, Sign = 0, Zero = 0, oVerflow = 0
                 340Data = 4, Mode = 11, D = 11, M = 11, H = 01, En = 101001, F = 001, Cin = 0, clk = 0,  A = 0000, B = 0100, Y = 4, Cout = 0, Sign = 0, Zero = 0, oVerflow = 0
                 345Data = 4, Mode = 11, D = 11, M = 11, H = 01, En = 101001, F = 001, Cin = 0, clk = 1,  A = 0000, B = 0100, Y = 4, Cout = 0, Sign = 0, Zero = 0, oVerflow = 0
                 350Data = 4, Mode = 11, D = 11, M = 11, H = 01, En = 101001, F = 001, Cin = 0, clk = 0,  A = 0000, B = 0100, Y = 4, Cout = 0, Sign = 0, Zero = 0, oVerflow = 0
                 355Data = 4, Mode = 11, D = 11, M = 11, H = 01, En = 101001, F = 001, Cin = 0, clk = 1,  A = 0000, B = 0100, Y = 4, Cout = 0, Sign = 0, Zero = 0, oVerflow = 0
                 360Data = 4, Mode = 11, D = 11, M = 11, H = 10, En = 101001, F = 001, Cin = 1, clk = 0,  A = 0000, B = 0100, Y = 4, Cout = 0, Sign = 0, Zero = 0, oVerflow = 0
                 365Data = 4, Mode = 11, D = 11, M = 11, H = 10, En = 101001, F = 001, Cin = 1, clk = 1,  A = 0000, B = 0100, Y = 4, Cout = 0, Sign = 0, Zero = 0, oVerflow = 0
                 365Data = 4, Mode = 11, D = 11, M = 11, H = 10, En = 101001, F = 001, Cin = 1, clk = 1,  A = 0000, B = 0100, Y = 5, Cout = 0, Sign = 0, Zero = 0, oVerflow = 0
                 370Data = 4, Mode = 11, D = 11, M = 11, H = 10, En = 101001, F = 001, Cin = 1, clk = 0,  A = 0000, B = 0100, Y = 5, Cout = 0, Sign = 0, Zero = 0, oVerflow = 0
                 375Data = 4, Mode = 11, D = 11, M = 11, H = 10, En = 101001, F = 001, Cin = 1, clk = 1,  A = 0000, B = 0100, Y = 5, Cout = 0, Sign = 0, Zero = 0, oVerflow = 0
                 380Data = 4, Mode = 11, D = 11, M = 11, H = 10, En = 101001, F = 001, Cin = 1, clk = 0,  A = 0000, B = 0100, Y = 5, Cout = 0, Sign = 0, Zero = 0, oVerflow = 0
                 385Data = 4, Mode = 11, D = 11, M = 11, H = 10, En = 101001, F = 001, Cin = 1, clk = 1,  A = 0000, B = 0100, Y = 5, Cout = 0, Sign = 0, Zero = 0, oVerflow = 0
                 390Data = 4, Mode = 11, D = 11, M = 11, H = 00, En = 101001, F = 001, Cin = 1, clk = 0,  A = 0000, B = 0100, Y = 5, Cout = 0, Sign = 0, Zero = 0, oVerflow = 0
                 395Data = 4, Mode = 11, D = 11, M = 11, H = 00, En = 101001, F = 001, Cin = 1, clk = 1,  A = 0000, B = 0100, Y = 5, Cout = 0, Sign = 0, Zero = 0, oVerflow = 0
                 400Data = 4, Mode = 11, D = 11, M = 11, H = 00, En = 101001, F = 001, Cin = 1, clk = 0,  A = 0000, B = 0100, Y = 5, Cout = 0, Sign = 0, Zero = 0, oVerflow = 0
                 401Data = 4, Mode = 11, D = 11, M = 11, H = 00, En = 101001, F = 001, Cin = 1, clk = 0,  A = 0100, B = 0100, Y = 5, Cout = 0, Sign = 0, Zero = 0, oVerflow = 0
                 402Data = 4, Mode = 11, D = 11, M = 11, H = 00, En = 101001, F = 001, Cin = 1, clk = 0,  A = 0100, B = 0100, Y = 5, Cout = 0, Sign = 1, Zero = 0, oVerflow = 0
                 402Data = 4, Mode = 11, D = 11, M = 11, H = 00, En = 101001, F = 001, Cin = 1, clk = 0,  A = 0100, B = 0100, Y = 1, Cout = 0, Sign = 1, Zero = 0, oVerflow = 0
                 402Data = 4, Mode = 11, D = 11, M = 11, H = 00, En = 101001, F = 001, Cin = 1, clk = 0,  A = 0100, B = 0100, Y = 9, Cout = 0, Sign = 1, Zero = 0, oVerflow = 0
                 402Data = 4, Mode = 11, D = 11, M = 11, H = 00, En = 101001, F = 001, Cin = 1, clk = 0,  A = 0100, B = 0100, Y = 9, Cout = 0, Sign = 1, Zero = 0, oVerflow = 1
                 405Data = 4, Mode = 11, D = 11, M = 11, H = 00, En = 101001, F = 001, Cin = 1, clk = 1,  A = 0100, B = 0100, Y = 9, Cout = 0, Sign = 1, Zero = 0, oVerflow = 1
                 410Data = 4, Mode = 11, D = 11, M = 11, H = 00, En = 101001, F = 001, Cin = 1, clk = 0,  A = 0100, B = 0100, Y = 9, Cout = 0, Sign = 1, Zero = 0, oVerflow = 1
                 415Data = 4, Mode = 11, D = 11, M = 11, H = 00, En = 101001, F = 001, Cin = 1, clk = 1,  A = 0100, B = 0100, Y = 9, Cout = 0, Sign = 1, Zero = 0, oVerflow = 1
                 420Data = 4, Mode = 11, D = 11, M = 11, H = 11, En = 101010, F = 010, Cin = 0, clk = 0,  A = 0100, B = 0100, Y = 9, Cout = 0, Sign = 1, Zero = 0, oVerflow = 1
                 425Data = 4, Mode = 11, D = 11, M = 11, H = 11, En = 101010, F = 010, Cin = 0, clk = 0,  A = 0100, B = 0100, Y = 9, Cout = 1, Sign = 0, Zero = 0, oVerflow = 0
                 425Data = 4, Mode = 11, D = 11, M = 11, H = 11, En = 101010, F = 010, Cin = 0, clk = 1,  A = 0100, B = 0100, Y = 9, Cout = 1, Sign = 0, Zero = 0, oVerflow = 0
                 425Data = 4, Mode = 11, D = 11, M = 11, H = 11, En = 101010, F = 010, Cin = 0, clk = 1,  A = 0100, B = 0100, Y = b, Cout = 1, Sign = 0, Zero = 0, oVerflow = 0
                 425Data = 4, Mode = 11, D = 11, M = 11, H = 11, En = 101010, F = 010, Cin = 0, clk = 1,  A = 0100, B = 0100, Y = 3, Cout = 1, Sign = 0, Zero = 0, oVerflow = 0
                 426Data = 4, Mode = 11, D = 11, M = 11, H = 11, En = 101010, F = 010, Cin = 0, clk = 1,  A = 0100, B = 0100, Y = 3, Cout = 0, Sign = 1, Zero = 0, oVerflow = 0
                 426Data = 4, Mode = 11, D = 11, M = 11, H = 11, En = 101010, F = 010, Cin = 0, clk = 1,  A = 0100, B = 0100, Y = 7, Cout = 0, Sign = 1, Zero = 0, oVerflow = 0
                 426Data = 4, Mode = 11, D = 11, M = 11, H = 11, En = 101010, F = 010, Cin = 0, clk = 1,  A = 0100, B = 0100, Y = f, Cout = 0, Sign = 1, Zero = 0, oVerflow = 0
                 430Data = 4, Mode = 11, D = 11, M = 11, H = 11, En = 101010, F = 010, Cin = 0, clk = 0,  A = 0100, B = 0100, Y = f, Cout = 0, Sign = 1, Zero = 0, oVerflow = 0
                 431Data = 4, Mode = 11, D = 11, M = 11, H = 11, En = 101010, F = 010, Cin = 0, clk = 0,  A = 0100, B = 0000, Y = f, Cout = 0, Sign = 1, Zero = 0, oVerflow = 0
                 432Data = 4, Mode = 11, D = 11, M = 11, H = 11, En = 101010, F = 010, Cin = 0, clk = 0,  A = 0100, B = 0000, Y = f, Cout = 1, Sign = 0, Zero = 0, oVerflow = 0
                 433Data = 4, Mode = 11, D = 11, M = 11, H = 11, En = 101010, F = 010, Cin = 0, clk = 0,  A = 0100, B = 0000, Y = b, Cout = 1, Sign = 0, Zero = 0, oVerflow = 0
                 433Data = 4, Mode = 11, D = 11, M = 11, H = 11, En = 101010, F = 010, Cin = 0, clk = 0,  A = 0100, B = 0000, Y = 3, Cout = 1, Sign = 0, Zero = 0, oVerflow = 0
                 435Data = 4, Mode = 11, D = 11, M = 11, H = 11, En = 101010, F = 010, Cin = 0, clk = 1,  A = 0100, B = 0000, Y = 3, Cout = 1, Sign = 0, Zero = 0, oVerflow = 0
                 440Data = 4, Mode = 11, D = 11, M = 11, H = 11, En = 101010, F = 010, Cin = 0, clk = 0,  A = 0100, B = 0000, Y = 3, Cout = 1, Sign = 0, Zero = 0, oVerflow = 0
                 445Data = 4, Mode = 11, D = 11, M = 11, H = 11, En = 101010, F = 010, Cin = 0, clk = 1,  A = 0100, B = 0000, Y = 3, Cout = 1, Sign = 0, Zero = 0, oVerflow = 0
                 450Data = 4, Mode = 11, D = 11, M = 11, H = 11, En = 101001, F = 010, Cin = 0, clk = 0,  A = 0100, B = 0000, Y = 3, Cout = 1, Sign = 0, Zero = 0, oVerflow = 0
                 455Data = 4, Mode = 11, D = 11, M = 11, H = 11, En = 101001, F = 010, Cin = 0, clk = 1,  A = 0100, B = 0000, Y = 3, Cout = 1, Sign = 0, Zero = 0, oVerflow = 0
                 460Data = 4, Mode = 11, D = 11, M = 11, H = 11, En = 101001, F = 010, Cin = 0, clk = 0,  A = 0100, B = 0000, Y = 3, Cout = 1, Sign = 0, Zero = 0, oVerflow = 0
                 461Data = 4, Mode = 11, D = 11, M = 11, H = 11, En = 101001, F = 010, Cin = 0, clk = 0,  A = 0000, B = 0000, Y = 3, Cout = 1, Sign = 0, Zero = 0, oVerflow = 0
                 462Data = 4, Mode = 11, D = 11, M = 11, H = 11, En = 101001, F = 010, Cin = 0, clk = 0,  A = 0000, B = 0000, Y = 3, Cout = 0, Sign = 1, Zero = 0, oVerflow = 0
                 462Data = 4, Mode = 11, D = 11, M = 11, H = 11, En = 101001, F = 010, Cin = 0, clk = 0,  A = 0000, B = 0000, Y = 7, Cout = 0, Sign = 1, Zero = 0, oVerflow = 0
                 462Data = 4, Mode = 11, D = 11, M = 11, H = 11, En = 101001, F = 010, Cin = 0, clk = 0,  A = 0000, B = 0000, Y = f, Cout = 0, Sign = 1, Zero = 0, oVerflow = 0
                 465Data = 4, Mode = 11, D = 11, M = 11, H = 11, En = 101001, F = 010, Cin = 0, clk = 1,  A = 0000, B = 0000, Y = f, Cout = 0, Sign = 1, Zero = 0, oVerflow = 0
                 470Data = 4, Mode = 11, D = 11, M = 11, H = 11, En = 101001, F = 010, Cin = 0, clk = 0,  A = 0000, B = 0000, Y = f, Cout = 0, Sign = 1, Zero = 0, oVerflow = 0
                 475Data = 4, Mode = 11, D = 11, M = 11, H = 11, En = 101001, F = 010, Cin = 0, clk = 1,  A = 0000, B = 0000, Y = f, Cout = 0, Sign = 1, Zero = 0, oVerflow = 0
                 480Data = 4, Mode = 11, D = 11, M = 11, H = 01, En = 101001, F = 010, Cin = 0, clk = 0,  A = 0000, B = 0000, Y = f, Cout = 0, Sign = 1, Zero = 0, oVerflow = 0
                 485Data = 4, Mode = 11, D = 11, M = 11, H = 01, En = 101001, F = 010, Cin = 0, clk = 1,  A = 0000, B = 0000, Y = f, Cout = 0, Sign = 1, Zero = 0, oVerflow = 0
                 490Data = 4, Mode = 11, D = 11, M = 11, H = 01, En = 101001, F = 010, Cin = 0, clk = 0,  A = 0000, B = 0000, Y = f, Cout = 0, Sign = 1, Zero = 0, oVerflow = 0
                 495Data = 4, Mode = 11, D = 11, M = 11, H = 01, En = 101001, F = 010, Cin = 0, clk = 1,  A = 0000, B = 0000, Y = f, Cout = 0, Sign = 1, Zero = 0, oVerflow = 0
                 500Data = 4, Mode = 11, D = 11, M = 11, H = 01, En = 101001, F = 010, Cin = 0, clk = 0,  A = 0000, B = 0000, Y = f, Cout = 0, Sign = 1, Zero = 0, oVerflow = 0
                 505Data = 4, Mode = 11, D = 11, M = 11, H = 01, En = 101001, F = 010, Cin = 0, clk = 1,  A = 0000, B = 0000, Y = f, Cout = 0, Sign = 1, Zero = 0, oVerflow = 0
                 510Data = 4, Mode = 11, D = 11, M = 11, H = 10, En = 101001, F = 010, Cin = 1, clk = 0,  A = 0000, B = 0000, Y = f, Cout = 0, Sign = 1, Zero = 0, oVerflow = 0
                 515Data = 4, Mode = 11, D = 11, M = 11, H = 10, En = 101001, F = 010, Cin = 1, clk = 1,  A = 0000, B = 0000, Y = f, Cout = 0, Sign = 1, Zero = 0, oVerflow = 0
                 515Data = 4, Mode = 11, D = 11, M = 11, H = 10, En = 101001, F = 010, Cin = 1, clk = 1,  A = 0000, B = 0000, Y = e, Cout = 0, Sign = 1, Zero = 0, oVerflow = 0
                 516Data = 4, Mode = 11, D = 11, M = 11, H = 10, En = 101001, F = 010, Cin = 1, clk = 1,  A = 0000, B = 0000, Y = c, Cout = 0, Sign = 1, Zero = 0, oVerflow = 0
                 516Data = 4, Mode = 11, D = 11, M = 11, H = 10, En = 101001, F = 010, Cin = 1, clk = 1,  A = 0000, B = 0000, Y = 8, Cout = 0, Sign = 1, Zero = 0, oVerflow = 0
                 516Data = 4, Mode = 11, D = 11, M = 11, H = 10, En = 101001, F = 010, Cin = 1, clk = 1,  A = 0000, B = 0000, Y = 8, Cout = 1, Sign = 0, Zero = 0, oVerflow = 0
                 516Data = 4, Mode = 11, D = 11, M = 11, H = 10, En = 101001, F = 010, Cin = 1, clk = 1,  A = 0000, B = 0000, Y = 0, Cout = 1, Sign = 0, Zero = 1, oVerflow = 0
                 520Data = 4, Mode = 11, D = 11, M = 11, H = 10, En = 101001, F = 010, Cin = 1, clk = 0,  A = 0000, B = 0000, Y = 0, Cout = 1, Sign = 0, Zero = 1, oVerflow = 0
                 525Data = 4, Mode = 11, D = 11, M = 11, H = 10, En = 101001, F = 010, Cin = 1, clk = 1,  A = 0000, B = 0000, Y = 0, Cout = 1, Sign = 0, Zero = 1, oVerflow = 0
                 530Data = 4, Mode = 11, D = 11, M = 11, H = 10, En = 101001, F = 010, Cin = 1, clk = 0,  A = 0000, B = 0000, Y = 0, Cout = 1, Sign = 0, Zero = 1, oVerflow = 0
                 535Data = 4, Mode = 11, D = 11, M = 11, H = 10, En = 101001, F = 010, Cin = 1, clk = 1,  A = 0000, B = 0000, Y = 0, Cout = 1, Sign = 0, Zero = 1, oVerflow = 0
                 540Data = 4, Mode = 11, D = 11, M = 11, H = 00, En = 101001, F = 010, Cin = 1, clk = 0,  A = 0000, B = 0000, Y = 0, Cout = 1, Sign = 0, Zero = 1, oVerflow = 0
                 545Data = 4, Mode = 11, D = 11, M = 11, H = 00, En = 101001, F = 010, Cin = 1, clk = 1,  A = 0000, B = 0000, Y = 0, Cout = 1, Sign = 0, Zero = 1, oVerflow = 0
                 550Data = 4, Mode = 11, D = 11, M = 11, H = 00, En = 101001, F = 010, Cin = 1, clk = 0,  A = 0000, B = 0000, Y = 0, Cout = 1, Sign = 0, Zero = 1, oVerflow = 0
                 551Data = 4, Mode = 11, D = 11, M = 11, H = 00, En = 101001, F = 010, Cin = 1, clk = 0,  A = 0100, B = 0000, Y = 0, Cout = 1, Sign = 0, Zero = 1, oVerflow = 0
                 552Data = 4, Mode = 11, D = 11, M = 11, H = 00, En = 101001, F = 010, Cin = 1, clk = 0,  A = 0100, B = 0000, Y = 4, Cout = 1, Sign = 0, Zero = 0, oVerflow = 0
                 555Data = 4, Mode = 11, D = 11, M = 11, H = 00, En = 101001, F = 010, Cin = 1, clk = 1,  A = 0100, B = 0000, Y = 4, Cout = 1, Sign = 0, Zero = 0, oVerflow = 0
                 560Data = 4, Mode = 11, D = 11, M = 11, H = 00, En = 101001, F = 010, Cin = 1, clk = 0,  A = 0100, B = 0000, Y = 4, Cout = 1, Sign = 0, Zero = 0, oVerflow = 0
                 565Data = 4, Mode = 11, D = 11, M = 11, H = 00, En = 101001, F = 010, Cin = 1, clk = 1,  A = 0100, B = 0000, Y = 4, Cout = 1, Sign = 0, Zero = 0, oVerflow = 0
                 570Data = 4, Mode = 11, D = 11, M = 11, H = 00, En = 101001, F = 011, Cin = 0, clk = 0,  A = 0100, B = 0000, Y = 4, Cout = 1, Sign = 0, Zero = 0, oVerflow = 0
                 575Data = 4, Mode = 11, D = 11, M = 11, H = 00, En = 101001, F = 011, Cin = 0, clk = 1,  A = 0100, B = 0000, Y = 4, Cout = 1, Sign = 0, Zero = 0, oVerflow = 0
                 575Data = 4, Mode = 11, D = 11, M = 11, H = 00, En = 101001, F = 011, Cin = 0, clk = 1,  A = 0100, B = 0000, Y = 5, Cout = 1, Sign = 0, Zero = 0, oVerflow = 0
                 576Data = 4, Mode = 11, D = 11, M = 11, H = 00, En = 101001, F = 011, Cin = 0, clk = 1,  A = 0100, B = 0000, Y = 7, Cout = 1, Sign = 0, Zero = 0, oVerflow = 0
                 576Data = 4, Mode = 11, D = 11, M = 11, H = 00, En = 101001, F = 011, Cin = 0, clk = 1,  A = 0100, B = 0000, Y = 3, Cout = 1, Sign = 0, Zero = 0, oVerflow = 0
                 580Data = 4, Mode = 11, D = 11, M = 11, H = 00, En = 101001, F = 011, Cin = 0, clk = 0,  A = 0100, B = 0000, Y = 3, Cout = 1, Sign = 0, Zero = 0, oVerflow = 0
                 585Data = 4, Mode = 11, D = 11, M = 11, H = 00, En = 101001, F = 011, Cin = 0, clk = 1,  A = 0100, B = 0000, Y = 3, Cout = 1, Sign = 0, Zero = 0, oVerflow = 0
                 590Data = 4, Mode = 11, D = 11, M = 11, H = 00, En = 101001, F = 011, Cin = 0, clk = 0,  A = 0100, B = 0000, Y = 3, Cout = 1, Sign = 0, Zero = 0, oVerflow = 0
                 595Data = 4, Mode = 11, D = 11, M = 11, H = 00, En = 101001, F = 011, Cin = 0, clk = 1,  A = 0100, B = 0000, Y = 3, Cout = 1, Sign = 0, Zero = 0, oVerflow = 0
                 600Data = 4, Mode = 11, D = 11, M = 11, H = 11, En = 101001, F = 011, Cin = 0, clk = 0,  A = 0100, B = 0000, Y = 3, Cout = 1, Sign = 0, Zero = 0, oVerflow = 0
                 605Data = 4, Mode = 11, D = 11, M = 11, H = 11, En = 101001, F = 011, Cin = 0, clk = 1,  A = 0100, B = 0000, Y = 3, Cout = 1, Sign = 0, Zero = 0, oVerflow = 0
                 610Data = 4, Mode = 11, D = 11, M = 11, H = 11, En = 101001, F = 011, Cin = 0, clk = 0,  A = 0100, B = 0000, Y = 3, Cout = 1, Sign = 0, Zero = 0, oVerflow = 0
                 611Data = 4, Mode = 11, D = 11, M = 11, H = 11, En = 101001, F = 011, Cin = 0, clk = 0,  A = 0000, B = 0000, Y = 3, Cout = 1, Sign = 0, Zero = 0, oVerflow = 0
                 612Data = 4, Mode = 11, D = 11, M = 11, H = 11, En = 101001, F = 011, Cin = 0, clk = 0,  A = 0000, B = 0000, Y = 3, Cout = 0, Sign = 1, Zero = 0, oVerflow = 0
                 612Data = 4, Mode = 11, D = 11, M = 11, H = 11, En = 101001, F = 011, Cin = 0, clk = 0,  A = 0000, B = 0000, Y = 7, Cout = 0, Sign = 1, Zero = 0, oVerflow = 0
                 612Data = 4, Mode = 11, D = 11, M = 11, H = 11, En = 101001, F = 011, Cin = 0, clk = 0,  A = 0000, B = 0000, Y = f, Cout = 0, Sign = 1, Zero = 0, oVerflow = 0
                 615Data = 4, Mode = 11, D = 11, M = 11, H = 11, En = 101001, F = 011, Cin = 0, clk = 1,  A = 0000, B = 0000, Y = f, Cout = 0, Sign = 1, Zero = 0, oVerflow = 0
                 620Data = 4, Mode = 11, D = 11, M = 11, H = 11, En = 101001, F = 011, Cin = 0, clk = 0,  A = 0000, B = 0000, Y = f, Cout = 0, Sign = 1, Zero = 0, oVerflow = 0
                 625Data = 4, Mode = 11, D = 11, M = 11, H = 11, En = 101001, F = 011, Cin = 0, clk = 1,  A = 0000, B = 0000, Y = f, Cout = 0, Sign = 1, Zero = 0, oVerflow = 0
                 630Data = 4, Mode = 11, D = 11, M = 11, H = 01, En = 101001, F = 011, Cin = 0, clk = 0,  A = 0000, B = 0000, Y = f, Cout = 0, Sign = 1, Zero = 0, oVerflow = 0
                 635Data = 4, Mode = 11, D = 11, M = 11, H = 01, En = 101001, F = 011, Cin = 0, clk = 1,  A = 0000, B = 0000, Y = f, Cout = 0, Sign = 1, Zero = 0, oVerflow = 0
                 640Data = 4, Mode = 11, D = 11, M = 11, H = 01, En = 101001, F = 011, Cin = 0, clk = 0,  A = 0000, B = 0000, Y = f, Cout = 0, Sign = 1, Zero = 0, oVerflow = 0
                 645Data = 4, Mode = 11, D = 11, M = 11, H = 01, En = 101001, F = 011, Cin = 0, clk = 1,  A = 0000, B = 0000, Y = f, Cout = 0, Sign = 1, Zero = 0, oVerflow = 0
                 650Data = 4, Mode = 11, D = 11, M = 11, H = 01, En = 101001, F = 011, Cin = 0, clk = 0,  A = 0000, B = 0000, Y = f, Cout = 0, Sign = 1, Zero = 0, oVerflow = 0
                 655Data = 4, Mode = 11, D = 11, M = 11, H = 01, En = 101001, F = 011, Cin = 0, clk = 1,  A = 0000, B = 0000, Y = f, Cout = 0, Sign = 1, Zero = 0, oVerflow = 0
                 660Data = 4, Mode = 11, D = 11, M = 11, H = 10, En = 101001, F = 011, Cin = 1, clk = 0,  A = 0000, B = 0000, Y = f, Cout = 0, Sign = 1, Zero = 0, oVerflow = 0
                 665Data = 4, Mode = 11, D = 11, M = 11, H = 10, En = 101001, F = 011, Cin = 1, clk = 1,  A = 0000, B = 0000, Y = f, Cout = 0, Sign = 1, Zero = 0, oVerflow = 0
                 665Data = 4, Mode = 11, D = 11, M = 11, H = 10, En = 101001, F = 011, Cin = 1, clk = 1,  A = 0000, B = 0000, Y = e, Cout = 0, Sign = 1, Zero = 0, oVerflow = 0
                 666Data = 4, Mode = 11, D = 11, M = 11, H = 10, En = 101001, F = 011, Cin = 1, clk = 1,  A = 0000, B = 0000, Y = c, Cout = 0, Sign = 1, Zero = 0, oVerflow = 0
                 666Data = 4, Mode = 11, D = 11, M = 11, H = 10, En = 101001, F = 011, Cin = 1, clk = 1,  A = 0000, B = 0000, Y = 8, Cout = 0, Sign = 1, Zero = 0, oVerflow = 0
                 666Data = 4, Mode = 11, D = 11, M = 11, H = 10, En = 101001, F = 011, Cin = 1, clk = 1,  A = 0000, B = 0000, Y = 8, Cout = 1, Sign = 0, Zero = 0, oVerflow = 0
                 666Data = 4, Mode = 11, D = 11, M = 11, H = 10, En = 101001, F = 011, Cin = 1, clk = 1,  A = 0000, B = 0000, Y = 0, Cout = 1, Sign = 0, Zero = 1, oVerflow = 0
                 670Data = 4, Mode = 11, D = 11, M = 11, H = 10, En = 101001, F = 011, Cin = 1, clk = 0,  A = 0000, B = 0000, Y = 0, Cout = 1, Sign = 0, Zero = 1, oVerflow = 0
                 675Data = 4, Mode = 11, D = 11, M = 11, H = 10, En = 101001, F = 011, Cin = 1, clk = 1,  A = 0000, B = 0000, Y = 0, Cout = 1, Sign = 0, Zero = 1, oVerflow = 0
                 680Data = 4, Mode = 11, D = 11, M = 11, H = 10, En = 101001, F = 011, Cin = 1, clk = 0,  A = 0000, B = 0000, Y = 0, Cout = 1, Sign = 0, Zero = 1, oVerflow = 0
                 685Data = 4, Mode = 11, D = 11, M = 11, H = 10, En = 101001, F = 011, Cin = 1, clk = 1,  A = 0000, B = 0000, Y = 0, Cout = 1, Sign = 0, Zero = 1, oVerflow = 0
                 690Data = 4, Mode = 11, D = 11, M = 11, H = 11, En = 101001, F = 011, Cin = 1, clk = 0,  A = 0000, B = 0000, Y = 0, Cout = 1, Sign = 0, Zero = 1, oVerflow = 0
                 695Data = 4, Mode = 11, D = 11, M = 11, H = 11, En = 101001, F = 011, Cin = 1, clk = 1,  A = 0000, B = 0000, Y = 0, Cout = 1, Sign = 0, Zero = 1, oVerflow = 0
                 700Data = 4, Mode = 11, D = 11, M = 11, H = 11, En = 101001, F = 011, Cin = 1, clk = 0,  A = 0000, B = 0000, Y = 0, Cout = 1, Sign = 0, Zero = 1, oVerflow = 0
                 705Data = 4, Mode = 11, D = 11, M = 11, H = 11, En = 101001, F = 011, Cin = 1, clk = 1,  A = 0000, B = 0000, Y = 0, Cout = 1, Sign = 0, Zero = 1, oVerflow = 0
                 710Data = 4, Mode = 11, D = 11, M = 11, H = 11, En = 101001, F = 011, Cin = 1, clk = 0,  A = 0000, B = 0000, Y = 0, Cout = 1, Sign = 0, Zero = 1, oVerflow = 0
                 715Data = 4, Mode = 11, D = 11, M = 11, H = 11, En = 101001, F = 011, Cin = 1, clk = 1,  A = 0000, B = 0000, Y = 0, Cout = 1, Sign = 0, Zero = 1, oVerflow = 0
                 720Data = 4, Mode = 11, D = 11, M = 11, H = 11, En = 101001, F = 100, Cin = 1, clk = 0,  A = 0000, B = 0000, Y = 0, Cout = 1, Sign = 0, Zero = 1, oVerflow = 0
                 725Data = 4, Mode = 11, D = 11, M = 11, H = 11, En = 101001, F = 100, Cin = 1, clk = 0,  A = 0000, B = 0000, Y = 0, Cout = 0, Sign = 1, Zero = 1, oVerflow = 1
                 725Data = 4, Mode = 11, D = 11, M = 11, H = 11, En = 101001, F = 100, Cin = 1, clk = 1,  A = 0000, B = 0000, Y = 0, Cout = 0, Sign = 1, Zero = 1, oVerflow = 1
                 725Data = 4, Mode = 11, D = 11, M = 11, H = 11, En = 101001, F = 100, Cin = 1, clk = 1,  A = 0000, B = 0000, Y = 2, Cout = 0, Sign = 1, Zero = 0, oVerflow = 1
                 725Data = 4, Mode = 11, D = 11, M = 11, H = 11, En = 101001, F = 100, Cin = 1, clk = 1,  A = 0000, B = 0000, Y = a, Cout = 0, Sign = 0, Zero = 0, oVerflow = 0
                 725Data = 4, Mode = 11, D = 11, M = 11, H = 11, En = 101001, F = 100, Cin = 1, clk = 1,  A = 0000, B = 0000, Y = e, Cout = 0, Sign = 0, Zero = 0, oVerflow = 0
                 726Data = 4, Mode = 11, D = 11, M = 11, H = 11, En = 101001, F = 100, Cin = 1, clk = 1,  A = 0000, B = 0000, Y = c, Cout = 0, Sign = 0, Zero = 0, oVerflow = 0
                 726Data = 4, Mode = 11, D = 11, M = 11, H = 11, En = 101001, F = 100, Cin = 1, clk = 1,  A = 0000, B = 0000, Y = 4, Cout = 0, Sign = 0, Zero = 0, oVerflow = 0
                 726Data = 4, Mode = 11, D = 11, M = 11, H = 11, En = 101001, F = 100, Cin = 1, clk = 1,  A = 0000, B = 0000, Y = 0, Cout = 0, Sign = 0, Zero = 1, oVerflow = 0
                 730Data = 4, Mode = 11, D = 11, M = 11, H = 11, En = 101001, F = 100, Cin = 1, clk = 0,  A = 0000, B = 0000, Y = 0, Cout = 0, Sign = 0, Zero = 1, oVerflow = 0
                 735Data = 4, Mode = 11, D = 11, M = 11, H = 11, En = 101001, F = 100, Cin = 1, clk = 1,  A = 0000, B = 0000, Y = 0, Cout = 0, Sign = 0, Zero = 1, oVerflow = 0
                 740Data = 4, Mode = 11, D = 11, M = 11, H = 11, En = 101001, F = 100, Cin = 1, clk = 0,  A = 0000, B = 0000, Y = 0, Cout = 0, Sign = 0, Zero = 1, oVerflow = 0
                 745Data = 4, Mode = 11, D = 11, M = 11, H = 11, En = 101001, F = 100, Cin = 1, clk = 1,  A = 0000, B = 0000, Y = 0, Cout = 0, Sign = 0, Zero = 1, oVerflow = 0
                 750Data = 4, Mode = 11, D = 11, M = 11, H = 11, En = 101001, F = 101, Cin = 1, clk = 0,  A = 0000, B = 0000, Y = 0, Cout = 0, Sign = 0, Zero = 1, oVerflow = 0
                 755Data = 4, Mode = 11, D = 11, M = 11, H = 11, En = 101001, F = 101, Cin = 1, clk = 1,  A = 0000, B = 0000, Y = 0, Cout = 0, Sign = 0, Zero = 1, oVerflow = 0
                 760Data = 4, Mode = 11, D = 11, M = 11, H = 11, En = 101001, F = 101, Cin = 1, clk = 0,  A = 0000, B = 0000, Y = 0, Cout = 0, Sign = 0, Zero = 1, oVerflow = 0
                 765Data = 4, Mode = 11, D = 11, M = 11, H = 11, En = 101001, F = 101, Cin = 1, clk = 1,  A = 0000, B = 0000, Y = 0, Cout = 0, Sign = 0, Zero = 1, oVerflow = 0
                 770Data = 4, Mode = 11, D = 11, M = 11, H = 11, En = 101001, F = 101, Cin = 1, clk = 0,  A = 0000, B = 0000, Y = 0, Cout = 0, Sign = 0, Zero = 1, oVerflow = 0
                 775Data = 4, Mode = 11, D = 11, M = 11, H = 11, En = 101001, F = 101, Cin = 1, clk = 1,  A = 0000, B = 0000, Y = 0, Cout = 0, Sign = 0, Zero = 1, oVerflow = 0
                 780Data = 4, Mode = 11, D = 11, M = 11, H = 11, En = 101001, F = 110, Cin = 1, clk = 0,  A = 0000, B = 0000, Y = 0, Cout = 0, Sign = 0, Zero = 1, oVerflow = 0
                 785Data = 4, Mode = 11, D = 11, M = 11, H = 11, En = 101001, F = 110, Cin = 1, clk = 0,  A = 0000, B = 0000, Y = 0, Cout = 1, Sign = 0, Zero = 1, oVerflow = 1
                 785Data = 4, Mode = 11, D = 11, M = 11, H = 11, En = 101001, F = 110, Cin = 1, clk = 1,  A = 0000, B = 0000, Y = 0, Cout = 1, Sign = 0, Zero = 1, oVerflow = 1
                 786Data = 4, Mode = 11, D = 11, M = 11, H = 11, En = 101001, F = 110, Cin = 1, clk = 1,  A = 0000, B = 0000, Y = 4, Cout = 1, Sign = 0, Zero = 0, oVerflow = 1
                 786Data = 4, Mode = 11, D = 11, M = 11, H = 11, En = 101001, F = 110, Cin = 1, clk = 1,  A = 0000, B = 0000, Y = 4, Cout = 1, Sign = 0, Zero = 0, oVerflow = 0
                 786Data = 4, Mode = 11, D = 11, M = 11, H = 11, En = 101001, F = 110, Cin = 1, clk = 1,  A = 0000, B = 0000, Y = 0, Cout = 1, Sign = 0, Zero = 1, oVerflow = 0
                 790Data = 4, Mode = 11, D = 11, M = 11, H = 11, En = 101001, F = 110, Cin = 1, clk = 0,  A = 0000, B = 0000, Y = 0, Cout = 1, Sign = 0, Zero = 1, oVerflow = 0
                 795Data = 4, Mode = 11, D = 11, M = 11, H = 11, En = 101001, F = 110, Cin = 1, clk = 1,  A = 0000, B = 0000, Y = 0, Cout = 1, Sign = 0, Zero = 1, oVerflow = 0
                 800Data = 4, Mode = 11, D = 11, M = 11, H = 11, En = 101001, F = 110, Cin = 1, clk = 0,  A = 0000, B = 0000, Y = 0, Cout = 1, Sign = 0, Zero = 1, oVerflow = 0
                 805Data = 4, Mode = 11, D = 11, M = 11, H = 11, En = 101001, F = 110, Cin = 1, clk = 1,  A = 0000, B = 0000, Y = 0, Cout = 1, Sign = 0, Zero = 1, oVerflow = 0
                 810Data = 4, Mode = 11, D = 11, M = 11, H = 11, En = 101001, F = 111, Cin = 1, clk = 0,  A = 0000, B = 0000, Y = 0, Cout = 1, Sign = 0, Zero = 1, oVerflow = 0
                 815Data = 4, Mode = 11, D = 11, M = 11, H = 11, En = 101001, F = 111, Cin = 1, clk = 0,  A = 0000, B = 0000, Y = 0, Cout = 0, Sign = 1, Zero = 1, oVerflow = 1
                 815Data = 4, Mode = 11, D = 11, M = 11, H = 11, En = 101001, F = 111, Cin = 1, clk = 1,  A = 0000, B = 0000, Y = 0, Cout = 0, Sign = 1, Zero = 1, oVerflow = 1
                 815Data = 4, Mode = 11, D = 11, M = 11, H = 11, En = 101001, F = 111, Cin = 1, clk = 1,  A = 0000, B = 0000, Y = 3, Cout = 0, Sign = 1, Zero = 0, oVerflow = 1
                 815Data = 4, Mode = 11, D = 11, M = 11, H = 11, En = 101001, F = 111, Cin = 1, clk = 1,  A = 0000, B = 0000, Y = b, Cout = 0, Sign = 1, Zero = 0, oVerflow = 1
                 816Data = 4, Mode = 11, D = 11, M = 11, H = 11, En = 101001, F = 111, Cin = 1, clk = 1,  A = 0000, B = 0000, Y = f, Cout = 0, Sign = 1, Zero = 0, oVerflow = 1
                 816Data = 4, Mode = 11, D = 11, M = 11, H = 11, En = 101001, F = 111, Cin = 1, clk = 1,  A = 0000, B = 0000, Y = f, Cout = 0, Sign = 1, Zero = 0, oVerflow = 0
                 820Data = 4, Mode = 11, D = 11, M = 11, H = 11, En = 101001, F = 111, Cin = 1, clk = 0,  A = 0000, B = 0000, Y = f, Cout = 0, Sign = 1, Zero = 0, oVerflow = 0
                 825Data = 4, Mode = 11, D = 11, M = 11, H = 11, En = 101001, F = 111, Cin = 1, clk = 1,  A = 0000, B = 0000, Y = f, Cout = 0, Sign = 1, Zero = 0, oVerflow = 0
                 830Data = 4, Mode = 11, D = 11, M = 11, H = 11, En = 101001, F = 111, Cin = 1, clk = 0,  A = 0000, B = 0000, Y = f, Cout = 0, Sign = 1, Zero = 0, oVerflow = 0
                 835Data = 4, Mode = 11, D = 11, M = 11, H = 11, En = 101001, F = 111, Cin = 1, clk = 1,  A = 0000, B = 0000, Y = f, Cout = 0, Sign = 1, Zero = 0, oVerflow = 0
$finish called at time : 840 ns : File "D:/Verilog Projects/Processor_Logic_Design/Processor_Logic_Design.srcs/sim_1/new/Processor_test.v" Line 66
